<?xml version="1.0" encoding="UTF-8"?>
<testng-results ignored="0" total="1" passed="1" failed="0" skipped="0">
  <reporter-output>
  </reporter-output>
  <suite started-at="2023-06-14T18:05:40 AST" name="Default suite" finished-at="2023-06-14T18:06:16 AST" duration-ms="36456">
    <groups>
    </groups>
    <test started-at="2023-06-14T18:05:40 AST" name="Default test" finished-at="2023-06-14T18:06:16 AST" duration-ms="36456">
      <class name="tests.Mobile">
        <test-method is-config="true" signature="useropenapp()[pri:0, instance:tests.Mobile@4d5b6aac]" started-at="2023-06-14T18:05:40 AST" name="useropenapp" finished-at="2023-06-14T18:05:52 AST" duration-ms="11875" status="PASS">
          <reporter-output>
          </reporter-output>
        </test-method> <!-- useropenapp -->
        <test-method signature="usertestapp()[pri:0, instance:tests.Mobile@4d5b6aac]" started-at="2023-06-14T18:05:52 AST" name="usertestapp" finished-at="2023-06-14T18:06:16 AST" duration-ms="24163" status="PASS">
          <reporter-output>
          </reporter-output>
        </test-method> <!-- usertestapp -->
        <test-method is-config="true" signature="closeapp()[pri:0, instance:tests.Mobile@4d5b6aac]" started-at="2023-06-14T18:06:16 AST" name="closeapp" finished-at="2023-06-14T18:06:16 AST" duration-ms="366" status="PASS">
          <reporter-output>
          </reporter-output>
        </test-method> <!-- closeapp -->
      </class> <!-- tests.Mobile -->
    </test> <!-- Default test -->
  </suite> <!-- Default suite -->
</testng-results>
